<?xml version="1.0" encoding="UTF-8"?>
<!-- Generated by org.testng.reporters.JUnitReportReporter -->
<testsuite hostname="5E117789H" name="TestScripts.VidPk_Homepage_Test" tests="2" failures="0" timestamp="8 Jul 2016 14:30:24 GMT" time="13.678" errors="0">
  <testcase name="gotoViralpage" time="11.467" classname="TestScripts.VidPk_Homepage_Test"/>
  <testcase name="gotoTvPage" time="2.211" classname="TestScripts.VidPk_Homepage_Test"/>
</testsuite> <!-- TestScripts.VidPk_Homepage_Test -->
